Using pre-set license
Built from '2020.3/staging' branch; Version is '2020.3.5f1 (8095aa901b9b) revision 8426922'; Using compiler version '192528614'; Build Type 'Release'
OS: 'Windows 10 Pro; OS build 19041.1052; Version 2004; 64bit' Language: 'de' Physical Memory: 8109 MB
BatchMode: 1, IsHumanControllingUs: 0, StartBugReporterOnCrash: 0, Is64bit: 1, IsPro: 0

 COMMAND LINE ARGUMENTS:
C:\Program Files\Unity\Hub\Editor\2020.3.5f1\Editor\Unity.exe
-adb2
-batchMode
-noUpm
-name
AssetImportWorker0
-projectPath
C:/Users/mail/OneDrive/Dokumente/GitHub/Teamprojekt2021_Update
-logFile
Logs/AssetImportWorker0.log
-srvPort
56362
Successfully changed project path to: C:/Users/mail/OneDrive/Dokumente/GitHub/Teamprojekt2021_Update
C:/Users/mail/OneDrive/Dokumente/GitHub/Teamprojekt2021_Update
Using Asset Import Pipeline V2.
Refreshing native plugins compatible for Editor in 66.77 ms, found 8 plugins.
Preloading 0 native plugins for Editor in 0.00 ms.
Initialize engine version: 2020.3.5f1 (8095aa901b9b)
[Subsystems] Discovering subsystems at path C:/Program Files/Unity/Hub/Editor/2020.3.5f1/Editor/Data/Resources/UnitySubsystems
[Subsystems] Discovering subsystems at path C:/Users/mail/OneDrive/Dokumente/GitHub/Teamprojekt2021_Update/Assets
GfxDevice: creating device client; threaded=0
Direct3D:
    Version:  Direct3D 11.0 [level 11.1]
    Renderer: Intel(R) HD Graphics 620 (ID=0x5916)
    Vendor:   
    VRAM:     4054 MB
    Driver:   27.20.100.8682
Initialize mono
Mono path[0] = 'C:/Program Files/Unity/Hub/Editor/2020.3.5f1/Editor/Data/Managed'
Mono path[1] = 'C:/Program Files/Unity/Hub/Editor/2020.3.5f1/Editor/Data/MonoBleedingEdge/lib/mono/unityjit'
Mono config path = 'C:/Program Files/Unity/Hub/Editor/2020.3.5f1/Editor/Data/MonoBleedingEdge/etc'
Using monoOptions --debugger-agent=transport=dt_socket,embedding=1,server=y,suspend=n,address=127.0.0.1:56820
Begin MonoManager ReloadAssembly
Registering precompiled unity dll's ...
Register platform support module: C:/Program Files/Unity/Hub/Editor/2020.3.5f1/Editor/Data/PlaybackEngines/WebGLSupport/UnityEditor.WebGL.Extensions.dll
Register platform support module: C:/Program Files/Unity/Hub/Editor/2020.3.5f1/Editor/Data/PlaybackEngines/WindowsStandaloneSupport/UnityEditor.WindowsStandalone.Extensions.dll
Registered in 0.003405 seconds.
Native extension for WindowsStandalone target not found
Native extension for WebGL target not found
Refreshing native plugins compatible for Editor in 56.55 ms, found 8 plugins.
Preloading 0 native plugins for Editor in 0.00 ms.
Mono: successfully reloaded assembly
- Completed reload, in  1.293 seconds
Platform modules already initialized, skipping
Registering precompiled user dll's ...
Registered in 0.007866 seconds.
Begin MonoManager ReloadAssembly
Native extension for WindowsStandalone target not found
Native extension for WebGL target not found
Refreshing native plugins compatible for Editor in 0.61 ms, found 8 plugins.
Preloading 0 native plugins for Editor in 0.00 ms.
Mono: successfully reloaded assembly
- Completed reload, in  1.205 seconds
Platform modules already initialized, skipping
========================================================================
Worker process is ready to serve import requests
Launched and connected shader compiler UnityShaderCompiler.exe after 0.08 seconds
Refreshing native plugins compatible for Editor in 1.00 ms, found 8 plugins.
Preloading 0 native plugins for Editor in 0.00 ms.
Unloading 1550 Unused Serialized files (Serialized files now loaded: 0)
System memory in use before: 74.4 MB.
System memory in use after: 74.5 MB.

Unloading 36 unused Assets to reduce memory usage. Loaded Objects now: 1971.
Total: 3.585900 ms (FindLiveObjects: 0.441300 ms CreateObjectMapping: 0.134400 ms MarkObjects: 2.805900 ms  DeleteObjects: 0.202400 ms)

========================================================================
Received Import Request.
  path: Assets/ZFBrowser/Scripts
  artifactKey: Guid(56b8faaae4b14ef46be6a4552ecae7fb) Importer(815301076,1909f56bfc062723c751e8b465ee728b)
Start importing Assets/ZFBrowser/Scripts using Guid(56b8faaae4b14ef46be6a4552ecae7fb) Importer(815301076,1909f56bfc062723c751e8b465ee728b)  -> (artifact id: '14540371f659c35a0d2a7753d74d08a1') in 0.056668 seconds
  Import took 0.062176 seconds .

========================================================================
Received Import Request.
  Time since last request: 0.000341 seconds.
  path: Assets/ZFBrowser/Scripts/ZFBrowser.asmdef
  artifactKey: Guid(8b34362e30924cc4c898574d4e3cbff3) Importer(815301076,1909f56bfc062723c751e8b465ee728b)
Start importing Assets/ZFBrowser/Scripts/ZFBrowser.asmdef using Guid(8b34362e30924cc4c898574d4e3cbff3) Importer(815301076,1909f56bfc062723c751e8b465ee728b)  -> (artifact id: 'a9baf78d72f1a68528ed519875ce565c') in 0.099774 seconds
  Import took 0.104746 seconds .

========================================================================
Received Import Request.
  Time since last request: 0.000313 seconds.
  path: Assets/ZFBrowser/Scripts/BrowserUI
  artifactKey: Guid(e460e45c0d5976544a2af3c86b00bdb9) Importer(815301076,1909f56bfc062723c751e8b465ee728b)
Start importing Assets/ZFBrowser/Scripts/BrowserUI using Guid(e460e45c0d5976544a2af3c86b00bdb9) Importer(815301076,1909f56bfc062723c751e8b465ee728b)  -> (artifact id: 'b5a10c4b57f5325621ad1676eb9ccc30') in 0.048938 seconds
  Import took 0.052856 seconds .

========================================================================
Received Import Request.
  Time since last request: 0.840396 seconds.
  path: Assets/ZFBrowser/Scripts/BrowserUI/SimulatorEventSystem
  artifactKey: Guid(41a29eb11a65e684d8fcc258ed071e75) Importer(815301076,1909f56bfc062723c751e8b465ee728b)
Start importing Assets/ZFBrowser/Scripts/BrowserUI/SimulatorEventSystem using Guid(41a29eb11a65e684d8fcc258ed071e75) Importer(815301076,1909f56bfc062723c751e8b465ee728b)  -> (artifact id: '5939e11cf03fa52d9212884227715585') in 0.050046 seconds
  Import took 0.054430 seconds .

========================================================================
Received Import Request.
  Time since last request: 3.757717 seconds.
  path: Assets/ZFBrowser/Scripts/BrowserUI/SimulatorEventSystem/SliderEventSystem.cs
  artifactKey: Guid(2c43cece3b8771846a53e3ebd8726ed3) Importer(815301076,1909f56bfc062723c751e8b465ee728b)
Start importing Assets/ZFBrowser/Scripts/BrowserUI/SimulatorEventSystem/SliderEventSystem.cs using Guid(2c43cece3b8771846a53e3ebd8726ed3) Importer(815301076,1909f56bfc062723c751e8b465ee728b)  -> (artifact id: 'bbb6c93d1edb0fae18ddf0913c3cf5e6') in 0.042945 seconds
  Import took 0.046470 seconds .

========================================================================
Received Import Request.
  Time since last request: 20.545893 seconds.
  path: Assets/ZFBrowser/Scripts/BrowserUI/MouseClickRobot.cs
  artifactKey: Guid(de1077a9f6d391b468b2a82d7e903eb4) Importer(815301076,1909f56bfc062723c751e8b465ee728b)
Start importing Assets/ZFBrowser/Scripts/BrowserUI/MouseClickRobot.cs using Guid(de1077a9f6d391b468b2a82d7e903eb4) Importer(815301076,1909f56bfc062723c751e8b465ee728b)  -> (artifact id: 'c11b265a60d705b80df88d39710f4648') in 0.044037 seconds
  Import took 0.048433 seconds .

========================================================================
Received Import Request.
  Time since last request: 25.884830 seconds.
  path: Assets/ZFBrowser/Scripts/BrowserUI/PointerUIBase.cs
  artifactKey: Guid(7bd56d627d06bc64382a847aa240ae1d) Importer(815301076,1909f56bfc062723c751e8b465ee728b)
Start importing Assets/ZFBrowser/Scripts/BrowserUI/PointerUIBase.cs using Guid(7bd56d627d06bc64382a847aa240ae1d) Importer(815301076,1909f56bfc062723c751e8b465ee728b)  -> (artifact id: 'f36d7ad9caf652d91f36f9afccb977cb') in 0.035143 seconds
  Import took 0.039507 seconds .

========================================================================
Received Prepare
Registering precompiled user dll's ...
Registered in 0.009872 seconds.
Begin MonoManager ReloadAssembly
Native extension for WindowsStandalone target not found
Native extension for WebGL target not found
Refreshing native plugins compatible for Editor in 0.64 ms, found 8 plugins.
Preloading 0 native plugins for Editor in 0.00 ms.
Mono: successfully reloaded assembly
- Completed reload, in  1.180 seconds
Platform modules already initialized, skipping
Refreshing native plugins compatible for Editor in 0.60 ms, found 8 plugins.
Preloading 0 native plugins for Editor in 0.00 ms.
Unloading 1527 Unused Serialized files (Serialized files now loaded: 0)
System memory in use before: 72.6 MB.
System memory in use after: 72.7 MB.

Unloading 31 unused Assets to reduce memory usage. Loaded Objects now: 1974.
Total: 2.519900 ms (FindLiveObjects: 0.232000 ms CreateObjectMapping: 0.063400 ms MarkObjects: 2.178900 ms  DeleteObjects: 0.043700 ms)

========================================================================
Received Import Request.
  Time since last request: 120.822914 seconds.
  path: Assets/ZFBrowser/Scripts/BrowserUI/PointerUIBase.cs
  artifactKey: Guid(7bd56d627d06bc64382a847aa240ae1d) Importer(815301076,1909f56bfc062723c751e8b465ee728b)
Start importing Assets/ZFBrowser/Scripts/BrowserUI/PointerUIBase.cs using Guid(7bd56d627d06bc64382a847aa240ae1d) Importer(815301076,1909f56bfc062723c751e8b465ee728b)  -> (artifact id: '6aa2a0ca3e5782adb40eaf6877093d0d') in 0.031429 seconds
  Import took 0.035955 seconds .

========================================================================
Received Prepare
Registering precompiled user dll's ...
Registered in 0.007251 seconds.
Begin MonoManager ReloadAssembly
Native extension for WindowsStandalone target not found
Native extension for WebGL target not found
Refreshing native plugins compatible for Editor in 0.65 ms, found 8 plugins.
Preloading 0 native plugins for Editor in 0.00 ms.
Mono: successfully reloaded assembly
- Completed reload, in  1.055 seconds
Platform modules already initialized, skipping
Refreshing native plugins compatible for Editor in 0.60 ms, found 8 plugins.
Preloading 0 native plugins for Editor in 0.00 ms.
Unloading 1527 Unused Serialized files (Serialized files now loaded: 0)
System memory in use before: 72.6 MB.
System memory in use after: 72.7 MB.

Unloading 31 unused Assets to reduce memory usage. Loaded Objects now: 1977.
Total: 2.358800 ms (FindLiveObjects: 0.252300 ms CreateObjectMapping: 0.067500 ms MarkObjects: 2.005800 ms  DeleteObjects: 0.031300 ms)

========================================================================
Received Prepare
Registering precompiled user dll's ...
Registered in 0.069336 seconds.
Begin MonoManager ReloadAssembly
Native extension for WindowsStandalone target not found
Native extension for WebGL target not found
Refreshing native plugins compatible for Editor in 1.82 ms, found 8 plugins.
Preloading 0 native plugins for Editor in 0.00 ms.
Mono: successfully reloaded assembly
- Completed reload, in  6.950 seconds
Platform modules already initialized, skipping
Refreshing native plugins compatible for Editor in 2.93 ms, found 8 plugins.
Preloading 0 native plugins for Editor in 0.00 ms.
Unloading 1527 Unused Serialized files (Serialized files now loaded: 0)
System memory in use before: 72.6 MB.
System memory in use after: 72.8 MB.

Unloading 31 unused Assets to reduce memory usage. Loaded Objects now: 1980.
Total: 11.635100 ms (FindLiveObjects: 1.513000 ms CreateObjectMapping: 0.604500 ms MarkObjects: 9.401000 ms  DeleteObjects: 0.111700 ms)

========================================================================
Received Prepare
Registering precompiled user dll's ...
Registered in 0.079164 seconds.
Begin MonoManager ReloadAssembly
Native extension for WindowsStandalone target not found
Native extension for WebGL target not found
Refreshing native plugins compatible for Editor in 4.41 ms, found 8 plugins.
Preloading 0 native plugins for Editor in 0.00 ms.
Mono: successfully reloaded assembly
- Completed reload, in  9.768 seconds
Platform modules already initialized, skipping
Refreshing native plugins compatible for Editor in 0.89 ms, found 8 plugins.
Preloading 0 native plugins for Editor in 0.00 ms.
Unloading 1527 Unused Serialized files (Serialized files now loaded: 0)
System memory in use before: 72.7 MB.
System memory in use after: 72.8 MB.

Unloading 31 unused Assets to reduce memory usage. Loaded Objects now: 1983.
Total: 3.156600 ms (FindLiveObjects: 0.304700 ms CreateObjectMapping: 0.103800 ms MarkObjects: 2.700900 ms  DeleteObjects: 0.044800 ms)

========================================================================
Received Prepare
Registering precompiled user dll's ...
Registered in 0.018616 seconds.
Begin MonoManager ReloadAssembly
Native extension for WindowsStandalone target not found
Native extension for WebGL target not found
Refreshing native plugins compatible for Editor in 0.73 ms, found 8 plugins.
Preloading 0 native plugins for Editor in 0.00 ms.
Mono: successfully reloaded assembly
- Completed reload, in  2.643 seconds
Platform modules already initialized, skipping
Refreshing native plugins compatible for Editor in 1.51 ms, found 8 plugins.
Preloading 0 native plugins for Editor in 0.00 ms.
Unloading 1527 Unused Serialized files (Serialized files now loaded: 0)
System memory in use before: 72.7 MB.
System memory in use after: 72.8 MB.

Unloading 31 unused Assets to reduce memory usage. Loaded Objects now: 1986.
Total: 3.573700 ms (FindLiveObjects: 0.471400 ms CreateObjectMapping: 0.173500 ms MarkObjects: 2.868700 ms  DeleteObjects: 0.055500 ms)

========================================================================
Received Prepare
Registering precompiled user dll's ...
Registered in 0.008471 seconds.
Begin MonoManager ReloadAssembly
Native extension for WindowsStandalone target not found
Native extension for WebGL target not found
Refreshing native plugins compatible for Editor in 0.70 ms, found 8 plugins.
Preloading 0 native plugins for Editor in 0.00 ms.
Mono: successfully reloaded assembly
- Completed reload, in  1.387 seconds
Platform modules already initialized, skipping
Refreshing native plugins compatible for Editor in 0.71 ms, found 8 plugins.
Preloading 0 native plugins for Editor in 0.00 ms.
Unloading 1527 Unused Serialized files (Serialized files now loaded: 0)
System memory in use before: 72.7 MB.
System memory in use after: 72.8 MB.

Unloading 31 unused Assets to reduce memory usage. Loaded Objects now: 1989.
Total: 2.959400 ms (FindLiveObjects: 0.261800 ms CreateObjectMapping: 0.074700 ms MarkObjects: 2.588100 ms  DeleteObjects: 0.032700 ms)

========================================================================
Received Prepare
Registering precompiled user dll's ...
Registered in 0.027283 seconds.
Begin MonoManager ReloadAssembly
Native extension for WindowsStandalone target not found
Native extension for WebGL target not found
Refreshing native plugins compatible for Editor in 0.70 ms, found 8 plugins.
Preloading 0 native plugins for Editor in 0.00 ms.
Mono: successfully reloaded assembly
- Completed reload, in  1.751 seconds
Platform modules already initialized, skipping
Refreshing native plugins compatible for Editor in 1.10 ms, found 8 plugins.
Preloading 0 native plugins for Editor in 0.00 ms.
Unloading 1527 Unused Serialized files (Serialized files now loaded: 0)
System memory in use before: 72.7 MB.
System memory in use after: 72.8 MB.

Unloading 31 unused Assets to reduce memory usage. Loaded Objects now: 1992.
Total: 3.078300 ms (FindLiveObjects: 0.323500 ms CreateObjectMapping: 0.080000 ms MarkObjects: 2.635500 ms  DeleteObjects: 0.036400 ms)

========================================================================
Received Prepare
Registering precompiled user dll's ...
Registered in 0.014664 seconds.
Begin MonoManager ReloadAssembly
Native extension for WindowsStandalone target not found
Native extension for WebGL target not found
Refreshing native plugins compatible for Editor in 0.64 ms, found 8 plugins.
Preloading 0 native plugins for Editor in 0.00 ms.
Mono: successfully reloaded assembly
- Completed reload, in  1.596 seconds
Platform modules already initialized, skipping
Refreshing native plugins compatible for Editor in 0.86 ms, found 8 plugins.
Preloading 0 native plugins for Editor in 0.00 ms.
Unloading 1527 Unused Serialized files (Serialized files now loaded: 0)
System memory in use before: 72.7 MB.
System memory in use after: 72.8 MB.

Unloading 31 unused Assets to reduce memory usage. Loaded Objects now: 1995.
Total: 5.035500 ms (FindLiveObjects: 0.695900 ms CreateObjectMapping: 1.061500 ms MarkObjects: 3.222500 ms  DeleteObjects: 0.053900 ms)

========================================================================
Received Prepare
Registering precompiled user dll's ...
Registered in 0.010238 seconds.
Begin MonoManager ReloadAssembly
Native extension for WindowsStandalone target not found
Native extension for WebGL target not found
Refreshing native plugins compatible for Editor in 0.71 ms, found 8 plugins.
Preloading 0 native plugins for Editor in 0.00 ms.
Mono: successfully reloaded assembly
- Completed reload, in  1.440 seconds
Platform modules already initialized, skipping
Refreshing native plugins compatible for Editor in 0.61 ms, found 8 plugins.
Preloading 0 native plugins for Editor in 0.00 ms.
Unloading 1527 Unused Serialized files (Serialized files now loaded: 0)
System memory in use before: 72.7 MB.
System memory in use after: 72.8 MB.

Unloading 31 unused Assets to reduce memory usage. Loaded Objects now: 1998.
Total: 5.044000 ms (FindLiveObjects: 0.189500 ms CreateObjectMapping: 0.077400 ms MarkObjects: 4.743400 ms  DeleteObjects: 0.031300 ms)

========================================================================
Received Import Request.
  Time since last request: 5558.403780 seconds.
  path: Assets/ZFBrowser/Scripts/BrowserUI/MouseClickRobot.cs
  artifactKey: Guid(de1077a9f6d391b468b2a82d7e903eb4) Importer(815301076,1909f56bfc062723c751e8b465ee728b)
Start importing Assets/ZFBrowser/Scripts/BrowserUI/MouseClickRobot.cs using Guid(de1077a9f6d391b468b2a82d7e903eb4) Importer(815301076,1909f56bfc062723c751e8b465ee728b)  -> (artifact id: '38b42d15b300319e8b23d40c7b39e57b') in 0.059470 seconds
  Import took 0.067631 seconds .

========================================================================
Received Prepare
Registering precompiled user dll's ...
Registered in 0.009751 seconds.
Begin MonoManager ReloadAssembly
Native extension for WindowsStandalone target not found
Native extension for WebGL target not found
Refreshing native plugins compatible for Editor in 0.87 ms, found 8 plugins.
Preloading 0 native plugins for Editor in 0.00 ms.
Mono: successfully reloaded assembly
- Completed reload, in  1.401 seconds
Platform modules already initialized, skipping
Refreshing native plugins compatible for Editor in 0.73 ms, found 8 plugins.
Preloading 0 native plugins for Editor in 0.00 ms.
Unloading 1527 Unused Serialized files (Serialized files now loaded: 0)
System memory in use before: 72.7 MB.
System memory in use after: 72.8 MB.

Unloading 31 unused Assets to reduce memory usage. Loaded Objects now: 2001.
Total: 2.520200 ms (FindLiveObjects: 0.367600 ms CreateObjectMapping: 0.114200 ms MarkObjects: 2.001000 ms  DeleteObjects: 0.035200 ms)

========================================================================
Received Prepare
Registering precompiled user dll's ...
Registered in 0.082594 seconds.
Begin MonoManager ReloadAssembly
Native extension for WindowsStandalone target not found
Native extension for WebGL target not found
Refreshing native plugins compatible for Editor in 3.07 ms, found 8 plugins.
Preloading 0 native plugins for Editor in 0.00 ms.
Mono: successfully reloaded assembly
- Completed reload, in  6.004 seconds
Platform modules already initialized, skipping
Refreshing native plugins compatible for Editor in 4.00 ms, found 8 plugins.
Preloading 0 native plugins for Editor in 0.00 ms.
Unloading 1527 Unused Serialized files (Serialized files now loaded: 0)
System memory in use before: 72.7 MB.
System memory in use after: 72.8 MB.

Unloading 31 unused Assets to reduce memory usage. Loaded Objects now: 2004.
Total: 9.352600 ms (FindLiveObjects: 0.859100 ms CreateObjectMapping: 0.602500 ms MarkObjects: 7.820500 ms  DeleteObjects: 0.065000 ms)

========================================================================
Received Prepare
Registering precompiled user dll's ...
Registered in 0.011247 seconds.
Begin MonoManager ReloadAssembly
Native extension for WindowsStandalone target not found
Native extension for WebGL target not found
Refreshing native plugins compatible for Editor in 5.84 ms, found 8 plugins.
Preloading 0 native plugins for Editor in 0.00 ms.
Mono: successfully reloaded assembly
- Completed reload, in  5.310 seconds
Platform modules already initialized, skipping
Refreshing native plugins compatible for Editor in 4.89 ms, found 8 plugins.
Preloading 0 native plugins for Editor in 0.00 ms.
Unloading 1527 Unused Serialized files (Serialized files now loaded: 0)
System memory in use before: 72.7 MB.
System memory in use after: 72.8 MB.

Unloading 31 unused Assets to reduce memory usage. Loaded Objects now: 2007.
Total: 15.079400 ms (FindLiveObjects: 0.823500 ms CreateObjectMapping: 0.690600 ms MarkObjects: 13.472200 ms  DeleteObjects: 0.089400 ms)

========================================================================
Received Prepare
Registering precompiled user dll's ...
Registered in 0.106345 seconds.
Begin MonoManager ReloadAssembly
Native extension for WindowsStandalone target not found
Native extension for WebGL target not found
Refreshing native plugins compatible for Editor in 3.10 ms, found 8 plugins.
Preloading 0 native plugins for Editor in 0.00 ms.
Mono: successfully reloaded assembly
- Completed reload, in  6.791 seconds
Platform modules already initialized, skipping
Refreshing native plugins compatible for Editor in 4.98 ms, found 8 plugins.
Preloading 0 native plugins for Editor in 0.00 ms.
Unloading 1527 Unused Serialized files (Serialized files now loaded: 0)
System memory in use before: 72.7 MB.
System memory in use after: 72.8 MB.

Unloading 31 unused Assets to reduce memory usage. Loaded Objects now: 2010.
Total: 7.303800 ms (FindLiveObjects: 0.781400 ms CreateObjectMapping: 0.237000 ms MarkObjects: 6.206200 ms  DeleteObjects: 0.074400 ms)

========================================================================
Received Prepare
Registering precompiled user dll's ...
Registered in 0.015048 seconds.
Begin MonoManager ReloadAssembly
Native extension for WindowsStandalone target not found
Native extension for WebGL target not found
Refreshing native plugins compatible for Editor in 1.20 ms, found 8 plugins.
Preloading 0 native plugins for Editor in 0.00 ms.
Mono: successfully reloaded assembly
- Completed reload, in  2.745 seconds
Platform modules already initialized, skipping
Refreshing native plugins compatible for Editor in 0.77 ms, found 8 plugins.
Preloading 0 native plugins for Editor in 0.00 ms.
Unloading 1527 Unused Serialized files (Serialized files now loaded: 0)
System memory in use before: 72.7 MB.
System memory in use after: 72.8 MB.

Unloading 31 unused Assets to reduce memory usage. Loaded Objects now: 2013.
Total: 3.588000 ms (FindLiveObjects: 0.323800 ms CreateObjectMapping: 0.111700 ms MarkObjects: 3.108800 ms  DeleteObjects: 0.040900 ms)

========================================================================
Received Prepare
Registering precompiled user dll's ...
Registered in 0.008494 seconds.
Begin MonoManager ReloadAssembly
Native extension for WindowsStandalone target not found
Native extension for WebGL target not found
Refreshing native plugins compatible for Editor in 1.07 ms, found 8 plugins.
Preloading 0 native plugins for Editor in 0.00 ms.
Mono: successfully reloaded assembly
- Completed reload, in  1.463 seconds
Platform modules already initialized, skipping
Refreshing native plugins compatible for Editor in 0.70 ms, found 8 plugins.
Preloading 0 native plugins for Editor in 0.00 ms.
Unloading 1527 Unused Serialized files (Serialized files now loaded: 0)
System memory in use before: 72.7 MB.
System memory in use after: 72.8 MB.

Unloading 31 unused Assets to reduce memory usage. Loaded Objects now: 2016.
Total: 2.418600 ms (FindLiveObjects: 0.211200 ms CreateObjectMapping: 0.094900 ms MarkObjects: 2.085100 ms  DeleteObjects: 0.025500 ms)

========================================================================
Received Prepare
Registering precompiled user dll's ...
Registered in 0.085806 seconds.
Begin MonoManager ReloadAssembly
Native extension for WindowsStandalone target not found
Native extension for WebGL target not found
Refreshing native plugins compatible for Editor in 0.61 ms, found 8 plugins.
Preloading 0 native plugins for Editor in 0.00 ms.
Mono: successfully reloaded assembly
- Completed reload, in  1.547 seconds
Platform modules already initialized, skipping
Refreshing native plugins compatible for Editor in 0.69 ms, found 8 plugins.
Preloading 0 native plugins for Editor in 0.00 ms.
Unloading 1527 Unused Serialized files (Serialized files now loaded: 0)
System memory in use before: 72.7 MB.
System memory in use after: 72.8 MB.

Unloading 31 unused Assets to reduce memory usage. Loaded Objects now: 2019.
Total: 4.562700 ms (FindLiveObjects: 0.367300 ms CreateObjectMapping: 0.295100 ms MarkObjects: 3.838800 ms  DeleteObjects: 0.058300 ms)

========================================================================
Received Prepare
Registering precompiled user dll's ...
Registered in 0.059199 seconds.
Begin MonoManager ReloadAssembly
Native extension for WindowsStandalone target not found
Native extension for WebGL target not found
Refreshing native plugins compatible for Editor in 0.90 ms, found 8 plugins.
Preloading 0 native plugins for Editor in 0.00 ms.
Mono: successfully reloaded assembly
- Completed reload, in  1.247 seconds
Platform modules already initialized, skipping
Refreshing native plugins compatible for Editor in 0.63 ms, found 8 plugins.
Preloading 0 native plugins for Editor in 0.00 ms.
Unloading 1527 Unused Serialized files (Serialized files now loaded: 0)
System memory in use before: 72.7 MB.
System memory in use after: 72.8 MB.

Unloading 31 unused Assets to reduce memory usage. Loaded Objects now: 2022.
Total: 2.641000 ms (FindLiveObjects: 0.274300 ms CreateObjectMapping: 0.176400 ms MarkObjects: 2.149600 ms  DeleteObjects: 0.038600 ms)

========================================================================
Received Prepare
Registering precompiled user dll's ...
Registered in 0.011262 seconds.
Begin MonoManager ReloadAssembly
Native extension for WindowsStandalone target not found
Native extension for WebGL target not found
Refreshing native plugins compatible for Editor in 2.06 ms, found 8 plugins.
Preloading 0 native plugins for Editor in 0.00 ms.
Mono: successfully reloaded assembly
- Completed reload, in  2.523 seconds
Platform modules already initialized, skipping
Refreshing native plugins compatible for Editor in 0.77 ms, found 8 plugins.
Preloading 0 native plugins for Editor in 0.00 ms.
Unloading 1527 Unused Serialized files (Serialized files now loaded: 0)
System memory in use before: 72.7 MB.
System memory in use after: 72.8 MB.

Unloading 31 unused Assets to reduce memory usage. Loaded Objects now: 2025.
Total: 5.662400 ms (FindLiveObjects: 0.697600 ms CreateObjectMapping: 0.248200 ms MarkObjects: 4.634800 ms  DeleteObjects: 0.078000 ms)

========================================================================
Received Prepare
Registering precompiled user dll's ...
Registered in 0.008340 seconds.
Begin MonoManager ReloadAssembly
Native extension for WindowsStandalone target not found
Native extension for WebGL target not found
Refreshing native plugins compatible for Editor in 0.64 ms, found 8 plugins.
Preloading 0 native plugins for Editor in 0.00 ms.
Mono: successfully reloaded assembly
- Completed reload, in  1.095 seconds
Platform modules already initialized, skipping
Refreshing native plugins compatible for Editor in 0.70 ms, found 8 plugins.
Preloading 0 native plugins for Editor in 0.00 ms.
Unloading 1527 Unused Serialized files (Serialized files now loaded: 0)
System memory in use before: 72.7 MB.
System memory in use after: 72.9 MB.

Unloading 31 unused Assets to reduce memory usage. Loaded Objects now: 2028.
Total: 2.864400 ms (FindLiveObjects: 0.286000 ms CreateObjectMapping: 0.103500 ms MarkObjects: 2.430000 ms  DeleteObjects: 0.043000 ms)

========================================================================
Received Prepare
Registering precompiled user dll's ...
Registered in 0.008742 seconds.
Begin MonoManager ReloadAssembly
Native extension for WindowsStandalone target not found
Native extension for WebGL target not found
Refreshing native plugins compatible for Editor in 0.63 ms, found 8 plugins.
Preloading 0 native plugins for Editor in 0.00 ms.
Mono: successfully reloaded assembly
- Completed reload, in  1.264 seconds
Platform modules already initialized, skipping
Refreshing native plugins compatible for Editor in 0.60 ms, found 8 plugins.
Preloading 0 native plugins for Editor in 0.00 ms.
Unloading 1527 Unused Serialized files (Serialized files now loaded: 0)
System memory in use before: 72.7 MB.
System memory in use after: 72.9 MB.

Unloading 31 unused Assets to reduce memory usage. Loaded Objects now: 2031.
Total: 2.412200 ms (FindLiveObjects: 0.244900 ms CreateObjectMapping: 0.071300 ms MarkObjects: 2.064700 ms  DeleteObjects: 0.029200 ms)

========================================================================
Received Prepare
Registering precompiled user dll's ...
Registered in 0.025275 seconds.
Begin MonoManager ReloadAssembly
Native extension for WindowsStandalone target not found
Native extension for WebGL target not found
Refreshing native plugins compatible for Editor in 1.96 ms, found 8 plugins.
Preloading 0 native plugins for Editor in 0.00 ms.
Mono: successfully reloaded assembly
- Completed reload, in  4.470 seconds
Platform modules already initialized, skipping
Refreshing native plugins compatible for Editor in 2.17 ms, found 8 plugins.
Preloading 0 native plugins for Editor in 0.00 ms.
Unloading 1527 Unused Serialized files (Serialized files now loaded: 0)
System memory in use before: 72.7 MB.
System memory in use after: 72.9 MB.

Unloading 31 unused Assets to reduce memory usage. Loaded Objects now: 2034.
Total: 8.814200 ms (FindLiveObjects: 1.459200 ms CreateObjectMapping: 0.429500 ms MarkObjects: 6.868400 ms  DeleteObjects: 0.053600 ms)

========================================================================
Received Prepare
Registering precompiled user dll's ...
Registered in 0.040333 seconds.
Begin MonoManager ReloadAssembly
Native extension for WindowsStandalone target not found
Native extension for WebGL target not found
Refreshing native plugins compatible for Editor in 0.63 ms, found 8 plugins.
Preloading 0 native plugins for Editor in 0.00 ms.
Mono: successfully reloaded assembly
- Completed reload, in  1.081 seconds
Platform modules already initialized, skipping
Refreshing native plugins compatible for Editor in 0.60 ms, found 8 plugins.
Preloading 0 native plugins for Editor in 0.00 ms.
Unloading 1527 Unused Serialized files (Serialized files now loaded: 0)
System memory in use before: 72.8 MB.
System memory in use after: 72.9 MB.

Unloading 31 unused Assets to reduce memory usage. Loaded Objects now: 2037.
Total: 2.757700 ms (FindLiveObjects: 0.193400 ms CreateObjectMapping: 0.072900 ms MarkObjects: 2.456300 ms  DeleteObjects: 0.033200 ms)

========================================================================
Received Prepare
Registering precompiled user dll's ...
Registered in 0.010211 seconds.
Begin MonoManager ReloadAssembly
Native extension for WindowsStandalone target not found
Native extension for WebGL target not found
Refreshing native plugins compatible for Editor in 0.63 ms, found 8 plugins.
Preloading 0 native plugins for Editor in 0.00 ms.
Mono: successfully reloaded assembly
- Completed reload, in  1.390 seconds
Platform modules already initialized, skipping
Refreshing native plugins compatible for Editor in 0.60 ms, found 8 plugins.
Preloading 0 native plugins for Editor in 0.00 ms.
Unloading 1527 Unused Serialized files (Serialized files now loaded: 0)
System memory in use before: 72.8 MB.
System memory in use after: 72.9 MB.

Unloading 31 unused Assets to reduce memory usage. Loaded Objects now: 2040.
Total: 2.416800 ms (FindLiveObjects: 0.190100 ms CreateObjectMapping: 0.071300 ms MarkObjects: 2.126100 ms  DeleteObjects: 0.028200 ms)

AssetImportWorkerClient::OnTransportError - code=2 error=End of file
